<?xml version="1.0" encoding="UTF-8"?>
<!-- Generated by org.testng.reporters.JUnitXMLReporter -->
<testsuite ignored="1" hostname="DVYAS" failures="1" tests="2" name="Error Vlaidations Test" time="16.181" errors="0" timestamp="2025-07-27T10:45:44 EDT">
  <testcase classname="tests.POM_Main2Test" name="loginErrorValidation" time="1.285">
    <skipped/>
  </testcase> <!-- loginErrorValidation -->
  <testcase classname="tests.POM_Main2Test" name="loginErrorValidation" time="1.295">
    <failure type="java.lang.AssertionError" message="expected [Incorrect email or password.] but found [Incorrect email o password.]">
      <![CDATA[java.lang.AssertionError: expected [Incorrect email or password.] but found [Incorrect email o password.]
at tests.POM_Main2Test.loginErrorValidation(POM_Main2Test.java:21)
at java.base/java.util.ArrayList.forEach(ArrayList.java:1596)
at java.base/java.util.concurrent.FutureTask.run(FutureTask.java:317)
at java.base/java.util.concurrent.ThreadPoolExecutor.runWorker(ThreadPoolExecutor.java:1144)
at java.base/java.util.concurrent.ThreadPoolExecutor$Worker.run(ThreadPoolExecutor.java:642)
at java.base/java.lang.Thread.run(Thread.java:1583)
... Removed 21 stack frames]]>
    </failure>
  </testcase> <!-- loginErrorValidation -->
  <testcase classname="tests.POM_Main2Test" name="productErrorValidation" time="0.0">
    <ignored/>
  </testcase> <!-- productErrorValidation -->
</testsuite> <!-- Error Vlaidations Test -->
